<?xml version="1.0" encoding="UTF-8"?>
<testsuite name="com.crudapplication.service.StudentServiceTests" tests="5" skipped="0" failures="0" errors="0" timestamp="2024-03-22T07:51:16" hostname="ARPAN" time="0.032">
  <properties/>
  <testcase name="testGetStudent()" classname="com.crudapplication.service.StudentServiceTests" time="0.024"/>
  <testcase name="testUpdateStudent()" classname="com.crudapplication.service.StudentServiceTests" time="0.001"/>
  <testcase name="testAddStudent()" classname="com.crudapplication.service.StudentServiceTests" time="0.002"/>
  <testcase name="testGetAllStudents()" classname="com.crudapplication.service.StudentServiceTests" time="0.001"/>
  <testcase name="testDeleteStudentByID()" classname="com.crudapplication.service.StudentServiceTests" time="0.001"/>
  <system-out><![CDATA[2024-03-22 13:21:16.065  INFO 15460 --- [    Test worker] c.c.service.StudentService               : Getting student with id:1
2024-03-22 13:21:16.066  INFO 15460 --- [    Test worker] c.c.service.StudentService               : updating students with given id:1
2024-03-22 13:21:16.069  INFO 15460 --- [    Test worker] c.c.service.StudentService               : Adding students
2024-03-22 13:21:16.071  INFO 15460 --- [    Test worker] c.c.service.StudentService               : Getting all students
]]></system-out>
  <system-err><![CDATA[]]></system-err>
</testsuite>
