<?xml version="1.0" encoding="UTF-8"?>
<testsuite name="com.crudapplication.service.StudentServiceTests" tests="5" skipped="0" failures="0" errors="0" timestamp="2024-03-22T07:24:37" hostname="ARPAN" time="0.037">
  <properties/>
  <testcase name="testGetStudent()" classname="com.crudapplication.service.StudentServiceTests" time="0.028"/>
  <testcase name="testUpdateStudent()" classname="com.crudapplication.service.StudentServiceTests" time="0.002"/>
  <testcase name="testAddStudent()" classname="com.crudapplication.service.StudentServiceTests" time="0.003"/>
  <testcase name="testGetAllStudents()" classname="com.crudapplication.service.StudentServiceTests" time="0.002"/>
  <testcase name="testDeleteStudentByID()" classname="com.crudapplication.service.StudentServiceTests" time="0.001"/>
  <system-out><![CDATA[2024-03-22 12:54:37.941  INFO 15680 --- [    Test worker] c.c.service.StudentService               : Getting student with id:1
2024-03-22 12:54:37.943  INFO 15680 --- [    Test worker] c.c.service.StudentService               : updating students with given id:1
2024-03-22 12:54:37.946  INFO 15680 --- [    Test worker] c.c.service.StudentService               : Adding students
2024-03-22 12:54:37.949  INFO 15680 --- [    Test worker] c.c.service.StudentService               : Getting all students
]]></system-out>
  <system-err><![CDATA[]]></system-err>
</testsuite>
