<?xml version="1.0" encoding="UTF-8"?>
<testsuite name="com.crudapplication.CrudApplicationTests" tests="1" skipped="0" failures="0" errors="0" timestamp="2024-03-22T07:51:16" hostname="ARPAN" time="0.006">
  <properties/>
  <testcase name="contextLoads()" classname="com.crudapplication.CrudApplicationTests" time="0.006"/>
  <system-out><![CDATA[2024-03-22 13:21:11.051  INFO 15460 --- [    Test worker] .b.t.c.SpringBootTestContextBootstrapper : Neither @ContextConfiguration nor @ContextHierarchy found for test class [com.crudapplication.CrudApplicationTests], using SpringBootContextLoader
2024-03-22 13:21:11.052  INFO 15460 --- [    Test worker] o.s.t.c.support.AbstractContextLoader    : Could not detect default resource locations for test class [com.crudapplication.CrudApplicationTests]: no resource found for suffixes {-context.xml, Context.groovy}.
2024-03-22 13:21:11.052  INFO 15460 --- [    Test worker] t.c.s.AnnotationConfigContextLoaderUtils : Could not detect default configuration classes for test class [com.crudapplication.CrudApplicationTests]: CrudApplicationTests does not declare any static, non-private, non-final, nested classes annotated with @Configuration.
2024-03-22 13:21:11.056  INFO 15460 --- [    Test worker] .b.t.c.SpringBootTestContextBootstrapper : Found @SpringBootConfiguration com.crudapplication.CrudApplication for test class com.crudapplication.CrudApplicationTests
2024-03-22 13:21:11.059  INFO 15460 --- [    Test worker] .b.t.c.SpringBootTestContextBootstrapper : Loaded default TestExecutionListener class names from location [META-INF/spring.factories]: [org.springframework.boot.test.autoconfigure.restdocs.RestDocsTestExecutionListener, org.springframework.boot.test.autoconfigure.web.client.MockRestServiceServerResetTestExecutionListener, org.springframework.boot.test.autoconfigure.web.servlet.MockMvcPrintOnlyOnFailureTestExecutionListener, org.springframework.boot.test.autoconfigure.web.servlet.WebDriverTestExecutionListener, org.springframework.boot.test.autoconfigure.webservices.client.MockWebServiceServerTestExecutionListener, org.springframework.boot.test.mock.mockito.MockitoTestExecutionListener, org.springframework.boot.test.mock.mockito.ResetMocksTestExecutionListener, org.springframework.test.context.web.ServletTestExecutionListener, org.springframework.test.context.support.DirtiesContextBeforeModesTestExecutionListener, org.springframework.test.context.event.ApplicationEventsTestExecutionListener, org.springframework.test.context.support.DependencyInjectionTestExecutionListener, org.springframework.test.context.support.DirtiesContextTestExecutionListener, org.springframework.test.context.transaction.TransactionalTestExecutionListener, org.springframework.test.context.jdbc.SqlScriptsTestExecutionListener, org.springframework.test.context.event.EventPublishingTestExecutionListener]
2024-03-22 13:21:11.060  INFO 15460 --- [    Test worker] .b.t.c.SpringBootTestContextBootstrapper : Using TestExecutionListeners: [org.springframework.test.context.web.ServletTestExecutionListener@71f1eac, org.springframework.test.context.support.DirtiesContextBeforeModesTestExecutionListener@1e20b3f2, org.springframework.test.context.event.ApplicationEventsTestExecutionListener@7d40ad53, org.springframework.boot.test.mock.mockito.MockitoTestExecutionListener@412d294b, org.springframework.boot.test.autoconfigure.SpringBootDependencyInjectionTestExecutionListener@3e38b5bc, org.springframework.test.context.support.DirtiesContextTestExecutionListener@259c3eaa, org.springframework.test.context.transaction.TransactionalTestExecutionListener@5d4e357f, org.springframework.test.context.jdbc.SqlScriptsTestExecutionListener@750128ec, org.springframework.test.context.event.EventPublishingTestExecutionListener@eefe6a5, org.springframework.boot.test.autoconfigure.restdocs.RestDocsTestExecutionListener@4ac2e0bc, org.springframework.boot.test.autoconfigure.web.client.MockRestServiceServerResetTestExecutionListener@660bc156, org.springframework.boot.test.autoconfigure.web.servlet.MockMvcPrintOnlyOnFailureTestExecutionListener@1a31c333, org.springframework.boot.test.autoconfigure.web.servlet.WebDriverTestExecutionListener@6b9ad41e, org.springframework.boot.test.autoconfigure.webservices.client.MockWebServiceServerTestExecutionListener@36001ed1, org.springframework.boot.test.mock.mockito.ResetMocksTestExecutionListener@e396836]

  .   ____          _            __ _ _
 /\\ / ___'_ __ _ _(_)_ __  __ _ \ \ \ \
( ( )\___ | '_ | '_| | '_ \/ _` | \ \ \ \
 \\/  ___)| |_)| | | | | || (_| |  ) ) ) )
  '  |____| .__|_| |_|_| |_\__, | / / / /
 =========|_|==============|___/=/_/_/_/
 :: Spring Boot ::                (v2.6.3)

2024-03-22 13:21:11.105  INFO 15460 --- [    Test worker] c.crudapplication.CrudApplicationTests   : Starting CrudApplicationTests using Java 15.0.2 on Arpan with PID 15460 (started by Arpan Agnihotri in C:\Users\Arpan Agnihotri\eclipse-workspace\crud-application)
2024-03-22 13:21:11.105  INFO 15460 --- [    Test worker] c.crudapplication.CrudApplicationTests   : The following profiles are active: dev
2024-03-22 13:21:11.625  INFO 15460 --- [    Test worker] .s.d.r.c.RepositoryConfigurationDelegate : Bootstrapping Spring Data JPA repositories in DEFAULT mode.
2024-03-22 13:21:11.647  INFO 15460 --- [    Test worker] .s.d.r.c.RepositoryConfigurationDelegate : Finished Spring Data repository scanning in 21 ms. Found 6 JPA repository interfaces.
2024-03-22 13:21:11.949  INFO 15460 --- [    Test worker] o.f.c.internal.license.VersionPrinter    : Flyway Community Edition 7.1.1 by Redgate
2024-03-22 13:21:11.951  INFO 15460 --- [    Test worker] com.zaxxer.hikari.HikariDataSource       : HikariPool-2 - Starting...
2024-03-22 13:21:11.970  INFO 15460 --- [    Test worker] com.zaxxer.hikari.HikariDataSource       : HikariPool-2 - Start completed.
2024-03-22 13:21:11.970  INFO 15460 --- [    Test worker] o.f.c.i.database.base.DatabaseType       : Database: jdbc:mysql://localhost:3306/demo (MySQL 5.7)
2024-03-22 13:21:11.988  INFO 15460 --- [    Test worker] o.f.core.internal.command.DbValidate     : Successfully validated 2 migrations (execution time 00:00.011s)
2024-03-22 13:21:12.000  INFO 15460 --- [    Test worker] o.f.core.internal.command.DbMigrate      : Current version of schema `demo`: 2
2024-03-22 13:21:12.000  INFO 15460 --- [    Test worker] o.f.core.internal.command.DbMigrate      : Schema `demo` is up to date. No migration necessary.
2024-03-22 13:21:12.088  INFO 15460 --- [    Test worker] o.hibernate.jpa.internal.util.LogHelper  : HHH000204: Processing PersistenceUnitInfo [name: default]
2024-03-22 13:21:12.095  INFO 15460 --- [    Test worker] org.hibernate.dialect.Dialect            : HHH000400: Using dialect: org.hibernate.dialect.MySQL5Dialect
2024-03-22 13:21:14.083  INFO 15460 --- [    Test worker] o.h.e.t.j.p.i.JtaPlatformInitiator       : HHH000490: Using JtaPlatform implementation: [org.hibernate.engine.transaction.jta.platform.internal.NoJtaPlatform]
2024-03-22 13:21:14.083  INFO 15460 --- [    Test worker] j.LocalContainerEntityManagerFactoryBean : Initialized JPA EntityManagerFactory for persistence unit 'default'
2024-03-22 13:21:14.206  WARN 15460 --- [    Test worker] JpaBaseConfiguration$JpaWebConfiguration : spring.jpa.open-in-view is enabled by default. Therefore, database queries may be performed during view rendering. Explicitly configure spring.jpa.open-in-view to disable this warning
2024-03-22 13:21:15.037  INFO 15460 --- [    Test worker] o.s.s.web.DefaultSecurityFilterChain     : Will secure any request with [org.springframework.security.web.context.request.async.WebAsyncManagerIntegrationFilter@7c59388b, org.springframework.security.web.context.SecurityContextPersistenceFilter@28ebb1f0, org.springframework.security.web.header.HeaderWriterFilter@2707e6a4, org.springframework.security.web.authentication.logout.LogoutFilter@701435a0, org.springframework.security.web.authentication.UsernamePasswordAuthenticationFilter@29e3bd30, org.springframework.security.web.savedrequest.RequestCacheAwareFilter@356aa772, org.springframework.security.web.servletapi.SecurityContextHolderAwareRequestFilter@6a6bbbc6, org.springframework.security.web.authentication.AnonymousAuthenticationFilter@1cb521c5, org.springframework.security.web.session.SessionManagementFilter@11e0e30b, org.springframework.security.web.access.ExceptionTranslationFilter@2cee2955, org.springframework.security.web.access.intercept.FilterSecurityInterceptor@1301ba8d]
2024-03-22 13:21:15.545  WARN 15460 --- [    Test worker] o.s.b.a.batch.JpaBatchConfigurer         : JPA does not support custom isolation levels, so locks may not be taken when launching Jobs
2024-03-22 13:21:15.548  INFO 15460 --- [    Test worker] o.s.b.c.r.s.JobRepositoryFactoryBean     : No database type set, using meta data indicating: MYSQL
2024-03-22 13:21:15.566  INFO 15460 --- [    Test worker] o.s.b.c.l.support.SimpleJobLauncher      : No TaskExecutor has been set, defaulting to synchronous executor.
2024-03-22 13:21:16.019  INFO 15460 --- [    Test worker] c.crudapplication.CrudApplicationTests   : Started CrudApplicationTests in 4.954 seconds (JVM running for 11.135)
2024-03-22 13:21:16.021  INFO 15460 --- [    Test worker] o.s.b.a.b.JobLauncherApplicationRunner   : Running default command line with: []
]]></system-out>
  <system-err><![CDATA[]]></system-err>
</testsuite>
