<?xml version="1.0" encoding="UTF-8"?>
<testsuite name="com.crudapplication.repository.StudentRepoTests" tests="3" skipped="0" failures="0" errors="0" timestamp="2024-03-22T07:24:37" hostname="ARPAN" time="0.191">
  <properties/>
  <testcase name="testGetStudent()" classname="com.crudapplication.repository.StudentRepoTests" time="0.077"/>
  <testcase name="testFindAll()" classname="com.crudapplication.repository.StudentRepoTests" time="0.104"/>
  <testcase name="testAddStudent()" classname="com.crudapplication.repository.StudentRepoTests" time="0.008"/>
  <system-out><![CDATA[2024-03-22 12:54:37.099  INFO 15680 --- [    Test worker] b.t.a.o.j.DataJpaTestContextBootstrapper : Neither @ContextConfiguration nor @ContextHierarchy found for test class [com.crudapplication.repository.StudentRepoTests], using SpringBootContextLoader
2024-03-22 12:54:37.100  INFO 15680 --- [    Test worker] o.s.t.c.support.AbstractContextLoader    : Could not detect default resource locations for test class [com.crudapplication.repository.StudentRepoTests]: no resource found for suffixes {-context.xml, Context.groovy}.
2024-03-22 12:54:37.100  INFO 15680 --- [    Test worker] t.c.s.AnnotationConfigContextLoaderUtils : Could not detect default configuration classes for test class [com.crudapplication.repository.StudentRepoTests]: StudentRepoTests does not declare any static, non-private, non-final, nested classes annotated with @Configuration.
2024-03-22 12:54:37.115  INFO 15680 --- [    Test worker] .b.t.c.SpringBootTestContextBootstrapper : Found @SpringBootConfiguration com.crudapplication.CrudApplication for test class com.crudapplication.repository.StudentRepoTests
2024-03-22 12:54:37.115  INFO 15680 --- [    Test worker] b.t.a.o.j.DataJpaTestContextBootstrapper : Loaded default TestExecutionListener class names from location [META-INF/spring.factories]: [org.springframework.boot.test.autoconfigure.restdocs.RestDocsTestExecutionListener, org.springframework.boot.test.autoconfigure.web.client.MockRestServiceServerResetTestExecutionListener, org.springframework.boot.test.autoconfigure.web.servlet.MockMvcPrintOnlyOnFailureTestExecutionListener, org.springframework.boot.test.autoconfigure.web.servlet.WebDriverTestExecutionListener, org.springframework.boot.test.autoconfigure.webservices.client.MockWebServiceServerTestExecutionListener, org.springframework.boot.test.mock.mockito.MockitoTestExecutionListener, org.springframework.boot.test.mock.mockito.ResetMocksTestExecutionListener, org.springframework.test.context.web.ServletTestExecutionListener, org.springframework.test.context.support.DirtiesContextBeforeModesTestExecutionListener, org.springframework.test.context.event.ApplicationEventsTestExecutionListener, org.springframework.test.context.support.DependencyInjectionTestExecutionListener, org.springframework.test.context.support.DirtiesContextTestExecutionListener, org.springframework.test.context.transaction.TransactionalTestExecutionListener, org.springframework.test.context.jdbc.SqlScriptsTestExecutionListener, org.springframework.test.context.event.EventPublishingTestExecutionListener]
2024-03-22 12:54:37.116  INFO 15680 --- [    Test worker] b.t.a.o.j.DataJpaTestContextBootstrapper : Using TestExecutionListeners: [org.springframework.test.context.web.ServletTestExecutionListener@6620944e, org.springframework.test.context.support.DirtiesContextBeforeModesTestExecutionListener@df3fcc4, org.springframework.test.context.event.ApplicationEventsTestExecutionListener@617c651a, org.springframework.boot.test.mock.mockito.MockitoTestExecutionListener@696dc1e5, org.springframework.boot.test.autoconfigure.SpringBootDependencyInjectionTestExecutionListener@b0dba62, org.springframework.test.context.support.DirtiesContextTestExecutionListener@198a721b, org.springframework.test.context.transaction.TransactionalTestExecutionListener@1bdc8085, org.springframework.test.context.jdbc.SqlScriptsTestExecutionListener@1c3918f2, org.springframework.test.context.event.EventPublishingTestExecutionListener@7a816fbd, org.springframework.boot.test.autoconfigure.restdocs.RestDocsTestExecutionListener@3051d05c, org.springframework.boot.test.autoconfigure.web.client.MockRestServiceServerResetTestExecutionListener@4ff6b67b, org.springframework.boot.test.autoconfigure.web.servlet.MockMvcPrintOnlyOnFailureTestExecutionListener@1bdcd9ff, org.springframework.boot.test.autoconfigure.web.servlet.WebDriverTestExecutionListener@6a51a1be, org.springframework.boot.test.autoconfigure.webservices.client.MockWebServiceServerTestExecutionListener@54bc4f98, org.springframework.boot.test.mock.mockito.ResetMocksTestExecutionListener@2e836e1a]

  .   ____          _            __ _ _
 /\\ / ___'_ __ _ _(_)_ __  __ _ \ \ \ \
( ( )\___ | '_ | '_| | '_ \/ _` | \ \ \ \
 \\/  ___)| |_)| | | | | || (_| |  ) ) ) )
  '  |____| .__|_| |_|_| |_\__, | / / / /
 =========|_|==============|___/=/_/_/_/
 :: Spring Boot ::                (v2.6.3)

2024-03-22 12:54:37.158  INFO 15680 --- [    Test worker] c.c.repository.StudentRepoTests          : Starting StudentRepoTests using Java 15.0.2 on Arpan with PID 15680 (started by Arpan Agnihotri in C:\Users\Arpan Agnihotri\eclipse-workspace\crud-application)
2024-03-22 12:54:37.158  INFO 15680 --- [    Test worker] c.c.repository.StudentRepoTests          : The following profiles are active: dev
2024-03-22 12:54:37.274  INFO 15680 --- [    Test worker] .s.d.r.c.RepositoryConfigurationDelegate : Bootstrapping Spring Data JPA repositories in DEFAULT mode.
2024-03-22 12:54:37.294  INFO 15680 --- [    Test worker] .s.d.r.c.RepositoryConfigurationDelegate : Finished Spring Data repository scanning in 19 ms. Found 6 JPA repository interfaces.
2024-03-22 12:54:37.360  INFO 15680 --- [    Test worker] o.f.c.internal.license.VersionPrinter    : Flyway Community Edition 7.1.1 by Redgate
2024-03-22 12:54:37.361  INFO 15680 --- [    Test worker] com.zaxxer.hikari.HikariDataSource       : HikariPool-2 - Starting...
2024-03-22 12:54:37.374  INFO 15680 --- [    Test worker] com.zaxxer.hikari.HikariDataSource       : HikariPool-2 - Start completed.
2024-03-22 12:54:37.375  INFO 15680 --- [    Test worker] o.f.c.i.database.base.DatabaseType       : Database: jdbc:mysql://localhost:3306/demo (MySQL 5.7)
2024-03-22 12:54:37.394  INFO 15680 --- [    Test worker] o.f.core.internal.command.DbValidate     : Successfully validated 2 migrations (execution time 00:00.012s)
2024-03-22 12:54:37.404  INFO 15680 --- [    Test worker] o.f.core.internal.command.DbMigrate      : Current version of schema `demo`: 2
2024-03-22 12:54:37.404  INFO 15680 --- [    Test worker] o.f.core.internal.command.DbMigrate      : Schema `demo` is up to date. No migration necessary.
2024-03-22 12:54:37.434  INFO 15680 --- [    Test worker] o.hibernate.jpa.internal.util.LogHelper  : HHH000204: Processing PersistenceUnitInfo [name: default]
2024-03-22 12:54:37.440  INFO 15680 --- [    Test worker] org.hibernate.dialect.Dialect            : HHH000400: Using dialect: org.hibernate.dialect.MySQL5Dialect
Hibernate: alter table college add constraint FK26b8mc7m2ggtgy1o3ovkwlc0x foreign key (director_id) references director (director_id)
Hibernate: alter table course_teacher add constraint FKrna6ik293g84mo3rslnkk7m1a foreign key (course_id) references course (course_id)
Hibernate: alter table course_teacher add constraint FKsb9lnio7h0a885b871ogw0ajg foreign key (teacher_id) references teacher (teacher_id)
Hibernate: alter table student add constraint FKlq9gp46xirqgtyslqs0wkowu5 foreign key (college_id) references college (college_id)
2024-03-22 12:54:37.595  INFO 15680 --- [    Test worker] o.h.e.t.j.p.i.JtaPlatformInitiator       : HHH000490: Using JtaPlatform implementation: [org.hibernate.engine.transaction.jta.platform.internal.NoJtaPlatform]
2024-03-22 12:54:37.596  INFO 15680 --- [    Test worker] j.LocalContainerEntityManagerFactoryBean : Initialized JPA EntityManagerFactory for persistence unit 'default'
2024-03-22 12:54:37.717  INFO 15680 --- [    Test worker] c.c.repository.StudentRepoTests          : Started StudentRepoTests in 0.592 seconds (JVM running for 9.388)
2024-03-22 12:54:37.731  INFO 15680 --- [    Test worker] o.s.t.c.transaction.TransactionContext   : Began transaction (1) for test context [DefaultTestContext@4e2c90eb testClass = StudentRepoTests, testInstance = com.crudapplication.repository.StudentRepoTests@2a011f97, testMethod = testGetStudent@StudentRepoTests, testException = [null], mergedContextConfiguration = [MergedContextConfiguration@6470d027 testClass = StudentRepoTests, locations = '{}', classes = '{class com.crudapplication.CrudApplication}', contextInitializerClasses = '[]', activeProfiles = '{}', propertySourceLocations = '{}', propertySourceProperties = '{org.springframework.boot.test.autoconfigure.orm.jpa.DataJpaTestContextBootstrapper=true}', contextCustomizers = set[org.springframework.boot.test.autoconfigure.OverrideAutoConfigurationContextCustomizerFactory$DisableAutoConfigurationContextCustomizer@5db1fa5d, org.springframework.boot.test.autoconfigure.actuate.metrics.MetricsExportContextCustomizerFactory$DisableMetricExportContextCustomizer@cc20b8a, org.springframework.boot.test.autoconfigure.filter.TypeExcludeFiltersContextCustomizer@351584c0, org.springframework.boot.test.autoconfigure.properties.PropertyMappingContextCustomizer@9b907c6b, org.springframework.boot.test.autoconfigure.web.servlet.WebDriverContextCustomizerFactory$Customizer@553d5940, [ImportsContextCustomizer@7ffd63e9 key = [org.springframework.boot.autoconfigure.cache.CacheAutoConfiguration, org.springframework.boot.autoconfigure.data.jpa.JpaRepositoriesAutoConfiguration, org.springframework.boot.autoconfigure.flyway.FlywayAutoConfiguration, org.springframework.boot.autoconfigure.jdbc.DataSourceAutoConfiguration, org.springframework.boot.autoconfigure.jdbc.DataSourceTransactionManagerAutoConfiguration, org.springframework.boot.autoconfigure.jdbc.JdbcTemplateAutoConfiguration, org.springframework.boot.autoconfigure.liquibase.LiquibaseAutoConfiguration, org.springframework.boot.autoconfigure.orm.jpa.HibernateJpaAutoConfiguration, org.springframework.boot.autoconfigure.sql.init.SqlInitializationAutoConfiguration, org.springframework.boot.autoconfigure.transaction.TransactionAutoConfiguration, org.springframework.boot.test.autoconfigure.jdbc.TestDatabaseAutoConfiguration, org.springframework.boot.test.autoconfigure.orm.jpa.TestEntityManagerAutoConfiguration]], org.springframework.boot.test.context.filter.ExcludeFilterContextCustomizer@5b7f9a58, org.springframework.boot.test.json.DuplicateJsonObjectContextCustomizerFactory$DuplicateJsonObjectContextCustomizer@22ade4c9, org.springframework.boot.test.mock.mockito.MockitoContextCustomizer@0, org.springframework.boot.test.context.SpringBootTestArgs@1, org.springframework.boot.test.context.SpringBootTestWebEnvironment@0], contextLoader = 'org.springframework.boot.test.context.SpringBootContextLoader', parent = [null]], attributes = map['org.springframework.test.context.event.ApplicationEventsTestExecutionListener.recordApplicationEvents' -> false]]; transaction manager [org.springframework.orm.jpa.JpaTransactionManager@10abff6e]; rollback [true]
Hibernate: select student0_.student_id as student_1_4_2_, student0_.college_id as college_4_4_2_, student0_.student_marks as student_2_4_2_, student0_.student_name as student_3_4_2_, college1_.college_id as college_1_0_0_, college1_.director_id as director4_0_0_, college1_.college_name as college_2_0_0_, college1_.college_place as college_3_0_0_, director2_.director_id as director1_3_1_, director2_.director_name as director2_3_1_ from student student0_ left outer join college college1_ on student0_.college_id=college1_.college_id left outer join director director2_ on college1_.director_id=director2_.director_id where student0_.student_id=?
2024-03-22 12:54:37.797  INFO 15680 --- [    Test worker] o.s.t.c.transaction.TransactionContext   : Rolled back transaction for test: [DefaultTestContext@4e2c90eb testClass = StudentRepoTests, testInstance = com.crudapplication.repository.StudentRepoTests@2a011f97, testMethod = testGetStudent@StudentRepoTests, testException = [null], mergedContextConfiguration = [MergedContextConfiguration@6470d027 testClass = StudentRepoTests, locations = '{}', classes = '{class com.crudapplication.CrudApplication}', contextInitializerClasses = '[]', activeProfiles = '{}', propertySourceLocations = '{}', propertySourceProperties = '{org.springframework.boot.test.autoconfigure.orm.jpa.DataJpaTestContextBootstrapper=true}', contextCustomizers = set[org.springframework.boot.test.autoconfigure.OverrideAutoConfigurationContextCustomizerFactory$DisableAutoConfigurationContextCustomizer@5db1fa5d, org.springframework.boot.test.autoconfigure.actuate.metrics.MetricsExportContextCustomizerFactory$DisableMetricExportContextCustomizer@cc20b8a, org.springframework.boot.test.autoconfigure.filter.TypeExcludeFiltersContextCustomizer@351584c0, org.springframework.boot.test.autoconfigure.properties.PropertyMappingContextCustomizer@9b907c6b, org.springframework.boot.test.autoconfigure.web.servlet.WebDriverContextCustomizerFactory$Customizer@553d5940, [ImportsContextCustomizer@7ffd63e9 key = [org.springframework.boot.autoconfigure.cache.CacheAutoConfiguration, org.springframework.boot.autoconfigure.data.jpa.JpaRepositoriesAutoConfiguration, org.springframework.boot.autoconfigure.flyway.FlywayAutoConfiguration, org.springframework.boot.autoconfigure.jdbc.DataSourceAutoConfiguration, org.springframework.boot.autoconfigure.jdbc.DataSourceTransactionManagerAutoConfiguration, org.springframework.boot.autoconfigure.jdbc.JdbcTemplateAutoConfiguration, org.springframework.boot.autoconfigure.liquibase.LiquibaseAutoConfiguration, org.springframework.boot.autoconfigure.orm.jpa.HibernateJpaAutoConfiguration, org.springframework.boot.autoconfigure.sql.init.SqlInitializationAutoConfiguration, org.springframework.boot.autoconfigure.transaction.TransactionAutoConfiguration, org.springframework.boot.test.autoconfigure.jdbc.TestDatabaseAutoConfiguration, org.springframework.boot.test.autoconfigure.orm.jpa.TestEntityManagerAutoConfiguration]], org.springframework.boot.test.context.filter.ExcludeFilterContextCustomizer@5b7f9a58, org.springframework.boot.test.json.DuplicateJsonObjectContextCustomizerFactory$DuplicateJsonObjectContextCustomizer@22ade4c9, org.springframework.boot.test.mock.mockito.MockitoContextCustomizer@0, org.springframework.boot.test.context.SpringBootTestArgs@1, org.springframework.boot.test.context.SpringBootTestWebEnvironment@0], contextLoader = 'org.springframework.boot.test.context.SpringBootContextLoader', parent = [null]], attributes = map['org.springframework.test.context.event.ApplicationEventsTestExecutionListener.recordApplicationEvents' -> false]]
2024-03-22 12:54:37.800  INFO 15680 --- [    Test worker] o.s.t.c.transaction.TransactionContext   : Began transaction (1) for test context [DefaultTestContext@4e2c90eb testClass = StudentRepoTests, testInstance = com.crudapplication.repository.StudentRepoTests@7b75e8b8, testMethod = testFindAll@StudentRepoTests, testException = [null], mergedContextConfiguration = [MergedContextConfiguration@6470d027 testClass = StudentRepoTests, locations = '{}', classes = '{class com.crudapplication.CrudApplication}', contextInitializerClasses = '[]', activeProfiles = '{}', propertySourceLocations = '{}', propertySourceProperties = '{org.springframework.boot.test.autoconfigure.orm.jpa.DataJpaTestContextBootstrapper=true}', contextCustomizers = set[org.springframework.boot.test.autoconfigure.OverrideAutoConfigurationContextCustomizerFactory$DisableAutoConfigurationContextCustomizer@5db1fa5d, org.springframework.boot.test.autoconfigure.actuate.metrics.MetricsExportContextCustomizerFactory$DisableMetricExportContextCustomizer@cc20b8a, org.springframework.boot.test.autoconfigure.filter.TypeExcludeFiltersContextCustomizer@351584c0, org.springframework.boot.test.autoconfigure.properties.PropertyMappingContextCustomizer@9b907c6b, org.springframework.boot.test.autoconfigure.web.servlet.WebDriverContextCustomizerFactory$Customizer@553d5940, [ImportsContextCustomizer@7ffd63e9 key = [org.springframework.boot.autoconfigure.cache.CacheAutoConfiguration, org.springframework.boot.autoconfigure.data.jpa.JpaRepositoriesAutoConfiguration, org.springframework.boot.autoconfigure.flyway.FlywayAutoConfiguration, org.springframework.boot.autoconfigure.jdbc.DataSourceAutoConfiguration, org.springframework.boot.autoconfigure.jdbc.DataSourceTransactionManagerAutoConfiguration, org.springframework.boot.autoconfigure.jdbc.JdbcTemplateAutoConfiguration, org.springframework.boot.autoconfigure.liquibase.LiquibaseAutoConfiguration, org.springframework.boot.autoconfigure.orm.jpa.HibernateJpaAutoConfiguration, org.springframework.boot.autoconfigure.sql.init.SqlInitializationAutoConfiguration, org.springframework.boot.autoconfigure.transaction.TransactionAutoConfiguration, org.springframework.boot.test.autoconfigure.jdbc.TestDatabaseAutoConfiguration, org.springframework.boot.test.autoconfigure.orm.jpa.TestEntityManagerAutoConfiguration]], org.springframework.boot.test.context.filter.ExcludeFilterContextCustomizer@5b7f9a58, org.springframework.boot.test.json.DuplicateJsonObjectContextCustomizerFactory$DuplicateJsonObjectContextCustomizer@22ade4c9, org.springframework.boot.test.mock.mockito.MockitoContextCustomizer@0, org.springframework.boot.test.context.SpringBootTestArgs@1, org.springframework.boot.test.context.SpringBootTestWebEnvironment@0], contextLoader = 'org.springframework.boot.test.context.SpringBootContextLoader', parent = [null]], attributes = map['org.springframework.test.context.event.ApplicationEventsTestExecutionListener.recordApplicationEvents' -> false]]; transaction manager [org.springframework.orm.jpa.JpaTransactionManager@10abff6e]; rollback [true]
Hibernate: select student0_.student_id as student_1_4_2_, student0_.college_id as college_4_4_2_, student0_.student_marks as student_2_4_2_, student0_.student_name as student_3_4_2_, college1_.college_id as college_1_0_0_, college1_.director_id as director4_0_0_, college1_.college_name as college_2_0_0_, college1_.college_place as college_3_0_0_, director2_.director_id as director1_3_1_, director2_.director_name as director2_3_1_ from student student0_ left outer join college college1_ on student0_.college_id=college1_.college_id left outer join director director2_ on college1_.director_id=director2_.director_id where student0_.student_id=?
Hibernate: select student0_.student_id as student_1_4_2_, student0_.college_id as college_4_4_2_, student0_.student_marks as student_2_4_2_, student0_.student_name as student_3_4_2_, college1_.college_id as college_1_0_0_, college1_.director_id as director4_0_0_, college1_.college_name as college_2_0_0_, college1_.college_place as college_3_0_0_, director2_.director_id as director1_3_1_, director2_.director_name as director2_3_1_ from student student0_ left outer join college college1_ on student0_.college_id=college1_.college_id left outer join director director2_ on college1_.director_id=director2_.director_id where student0_.student_id=?
Hibernate: select student0_.student_id as student_1_4_, student0_.college_id as college_4_4_, student0_.student_marks as student_2_4_, student0_.student_name as student_3_4_ from student student0_
2024-03-22 12:54:37.902  INFO 15680 --- [    Test worker] o.s.t.c.transaction.TransactionContext   : Rolled back transaction for test: [DefaultTestContext@4e2c90eb testClass = StudentRepoTests, testInstance = com.crudapplication.repository.StudentRepoTests@7b75e8b8, testMethod = testFindAll@StudentRepoTests, testException = [null], mergedContextConfiguration = [MergedContextConfiguration@6470d027 testClass = StudentRepoTests, locations = '{}', classes = '{class com.crudapplication.CrudApplication}', contextInitializerClasses = '[]', activeProfiles = '{}', propertySourceLocations = '{}', propertySourceProperties = '{org.springframework.boot.test.autoconfigure.orm.jpa.DataJpaTestContextBootstrapper=true}', contextCustomizers = set[org.springframework.boot.test.autoconfigure.OverrideAutoConfigurationContextCustomizerFactory$DisableAutoConfigurationContextCustomizer@5db1fa5d, org.springframework.boot.test.autoconfigure.actuate.metrics.MetricsExportContextCustomizerFactory$DisableMetricExportContextCustomizer@cc20b8a, org.springframework.boot.test.autoconfigure.filter.TypeExcludeFiltersContextCustomizer@351584c0, org.springframework.boot.test.autoconfigure.properties.PropertyMappingContextCustomizer@9b907c6b, org.springframework.boot.test.autoconfigure.web.servlet.WebDriverContextCustomizerFactory$Customizer@553d5940, [ImportsContextCustomizer@7ffd63e9 key = [org.springframework.boot.autoconfigure.cache.CacheAutoConfiguration, org.springframework.boot.autoconfigure.data.jpa.JpaRepositoriesAutoConfiguration, org.springframework.boot.autoconfigure.flyway.FlywayAutoConfiguration, org.springframework.boot.autoconfigure.jdbc.DataSourceAutoConfiguration, org.springframework.boot.autoconfigure.jdbc.DataSourceTransactionManagerAutoConfiguration, org.springframework.boot.autoconfigure.jdbc.JdbcTemplateAutoConfiguration, org.springframework.boot.autoconfigure.liquibase.LiquibaseAutoConfiguration, org.springframework.boot.autoconfigure.orm.jpa.HibernateJpaAutoConfiguration, org.springframework.boot.autoconfigure.sql.init.SqlInitializationAutoConfiguration, org.springframework.boot.autoconfigure.transaction.TransactionAutoConfiguration, org.springframework.boot.test.autoconfigure.jdbc.TestDatabaseAutoConfiguration, org.springframework.boot.test.autoconfigure.orm.jpa.TestEntityManagerAutoConfiguration]], org.springframework.boot.test.context.filter.ExcludeFilterContextCustomizer@5b7f9a58, org.springframework.boot.test.json.DuplicateJsonObjectContextCustomizerFactory$DuplicateJsonObjectContextCustomizer@22ade4c9, org.springframework.boot.test.mock.mockito.MockitoContextCustomizer@0, org.springframework.boot.test.context.SpringBootTestArgs@1, org.springframework.boot.test.context.SpringBootTestWebEnvironment@0], contextLoader = 'org.springframework.boot.test.context.SpringBootContextLoader', parent = [null]], attributes = map['org.springframework.test.context.event.ApplicationEventsTestExecutionListener.recordApplicationEvents' -> false]]
2024-03-22 12:54:37.905  INFO 15680 --- [    Test worker] o.s.t.c.transaction.TransactionContext   : Began transaction (1) for test context [DefaultTestContext@4e2c90eb testClass = StudentRepoTests, testInstance = com.crudapplication.repository.StudentRepoTests@4513c85a, testMethod = testAddStudent@StudentRepoTests, testException = [null], mergedContextConfiguration = [MergedContextConfiguration@6470d027 testClass = StudentRepoTests, locations = '{}', classes = '{class com.crudapplication.CrudApplication}', contextInitializerClasses = '[]', activeProfiles = '{}', propertySourceLocations = '{}', propertySourceProperties = '{org.springframework.boot.test.autoconfigure.orm.jpa.DataJpaTestContextBootstrapper=true}', contextCustomizers = set[org.springframework.boot.test.autoconfigure.OverrideAutoConfigurationContextCustomizerFactory$DisableAutoConfigurationContextCustomizer@5db1fa5d, org.springframework.boot.test.autoconfigure.actuate.metrics.MetricsExportContextCustomizerFactory$DisableMetricExportContextCustomizer@cc20b8a, org.springframework.boot.test.autoconfigure.filter.TypeExcludeFiltersContextCustomizer@351584c0, org.springframework.boot.test.autoconfigure.properties.PropertyMappingContextCustomizer@9b907c6b, org.springframework.boot.test.autoconfigure.web.servlet.WebDriverContextCustomizerFactory$Customizer@553d5940, [ImportsContextCustomizer@7ffd63e9 key = [org.springframework.boot.autoconfigure.cache.CacheAutoConfiguration, org.springframework.boot.autoconfigure.data.jpa.JpaRepositoriesAutoConfiguration, org.springframework.boot.autoconfigure.flyway.FlywayAutoConfiguration, org.springframework.boot.autoconfigure.jdbc.DataSourceAutoConfiguration, org.springframework.boot.autoconfigure.jdbc.DataSourceTransactionManagerAutoConfiguration, org.springframework.boot.autoconfigure.jdbc.JdbcTemplateAutoConfiguration, org.springframework.boot.autoconfigure.liquibase.LiquibaseAutoConfiguration, org.springframework.boot.autoconfigure.orm.jpa.HibernateJpaAutoConfiguration, org.springframework.boot.autoconfigure.sql.init.SqlInitializationAutoConfiguration, org.springframework.boot.autoconfigure.transaction.TransactionAutoConfiguration, org.springframework.boot.test.autoconfigure.jdbc.TestDatabaseAutoConfiguration, org.springframework.boot.test.autoconfigure.orm.jpa.TestEntityManagerAutoConfiguration]], org.springframework.boot.test.context.filter.ExcludeFilterContextCustomizer@5b7f9a58, org.springframework.boot.test.json.DuplicateJsonObjectContextCustomizerFactory$DuplicateJsonObjectContextCustomizer@22ade4c9, org.springframework.boot.test.mock.mockito.MockitoContextCustomizer@0, org.springframework.boot.test.context.SpringBootTestArgs@1, org.springframework.boot.test.context.SpringBootTestWebEnvironment@0], contextLoader = 'org.springframework.boot.test.context.SpringBootContextLoader', parent = [null]], attributes = map['org.springframework.test.context.event.ApplicationEventsTestExecutionListener.recordApplicationEvents' -> false]]; transaction manager [org.springframework.orm.jpa.JpaTransactionManager@10abff6e]; rollback [true]
Hibernate: select student0_.student_id as student_1_4_2_, student0_.college_id as college_4_4_2_, student0_.student_marks as student_2_4_2_, student0_.student_name as student_3_4_2_, college1_.college_id as college_1_0_0_, college1_.director_id as director4_0_0_, college1_.college_name as college_2_0_0_, college1_.college_place as college_3_0_0_, director2_.director_id as director1_3_1_, director2_.director_name as director2_3_1_ from student student0_ left outer join college college1_ on student0_.college_id=college1_.college_id left outer join director director2_ on college1_.director_id=director2_.director_id where student0_.student_id=?
2024-03-22 12:54:37.912  INFO 15680 --- [    Test worker] o.s.t.c.transaction.TransactionContext   : Rolled back transaction for test: [DefaultTestContext@4e2c90eb testClass = StudentRepoTests, testInstance = com.crudapplication.repository.StudentRepoTests@4513c85a, testMethod = testAddStudent@StudentRepoTests, testException = [null], mergedContextConfiguration = [MergedContextConfiguration@6470d027 testClass = StudentRepoTests, locations = '{}', classes = '{class com.crudapplication.CrudApplication}', contextInitializerClasses = '[]', activeProfiles = '{}', propertySourceLocations = '{}', propertySourceProperties = '{org.springframework.boot.test.autoconfigure.orm.jpa.DataJpaTestContextBootstrapper=true}', contextCustomizers = set[org.springframework.boot.test.autoconfigure.OverrideAutoConfigurationContextCustomizerFactory$DisableAutoConfigurationContextCustomizer@5db1fa5d, org.springframework.boot.test.autoconfigure.actuate.metrics.MetricsExportContextCustomizerFactory$DisableMetricExportContextCustomizer@cc20b8a, org.springframework.boot.test.autoconfigure.filter.TypeExcludeFiltersContextCustomizer@351584c0, org.springframework.boot.test.autoconfigure.properties.PropertyMappingContextCustomizer@9b907c6b, org.springframework.boot.test.autoconfigure.web.servlet.WebDriverContextCustomizerFactory$Customizer@553d5940, [ImportsContextCustomizer@7ffd63e9 key = [org.springframework.boot.autoconfigure.cache.CacheAutoConfiguration, org.springframework.boot.autoconfigure.data.jpa.JpaRepositoriesAutoConfiguration, org.springframework.boot.autoconfigure.flyway.FlywayAutoConfiguration, org.springframework.boot.autoconfigure.jdbc.DataSourceAutoConfiguration, org.springframework.boot.autoconfigure.jdbc.DataSourceTransactionManagerAutoConfiguration, org.springframework.boot.autoconfigure.jdbc.JdbcTemplateAutoConfiguration, org.springframework.boot.autoconfigure.liquibase.LiquibaseAutoConfiguration, org.springframework.boot.autoconfigure.orm.jpa.HibernateJpaAutoConfiguration, org.springframework.boot.autoconfigure.sql.init.SqlInitializationAutoConfiguration, org.springframework.boot.autoconfigure.transaction.TransactionAutoConfiguration, org.springframework.boot.test.autoconfigure.jdbc.TestDatabaseAutoConfiguration, org.springframework.boot.test.autoconfigure.orm.jpa.TestEntityManagerAutoConfiguration]], org.springframework.boot.test.context.filter.ExcludeFilterContextCustomizer@5b7f9a58, org.springframework.boot.test.json.DuplicateJsonObjectContextCustomizerFactory$DuplicateJsonObjectContextCustomizer@22ade4c9, org.springframework.boot.test.mock.mockito.MockitoContextCustomizer@0, org.springframework.boot.test.context.SpringBootTestArgs@1, org.springframework.boot.test.context.SpringBootTestWebEnvironment@0], contextLoader = 'org.springframework.boot.test.context.SpringBootContextLoader', parent = [null]], attributes = map['org.springframework.test.context.event.ApplicationEventsTestExecutionListener.recordApplicationEvents' -> false]]
]]></system-out>
  <system-err><![CDATA[]]></system-err>
</testsuite>
